GROUP,PACKAGE,CLASS,INSTRUCTION_MISSED,INSTRUCTION_COVERED,BRANCH_MISSED,BRANCH_COVERED,LINE_MISSED,LINE_COVERED,COMPLEXITY_MISSED,COMPLEXITY_COVERED,METHOD_MISSED,METHOD_COVERED
recipe-service,com.identitye2e.recipeservice,RecipeResult,32,0,0,0,11,0,8,0,8,0
recipe-service,com.identitye2e.recipeservice,RecipeServiceApplication,5,3,0,0,2,1,1,1,1,1
recipe-service,com.identitye2e.recipeservice,RecipeWebController,110,3,2,0,32,1,5,1,4,1
recipe-service,com.identitye2e.recipeservice,AutoCompleteResponse,40,0,2,0,10,0,5,0,4,0
