GROUP,PACKAGE,CLASS,INSTRUCTION_MISSED,INSTRUCTION_COVERED,BRANCH_MISSED,BRANCH_COVERED,LINE_MISSED,LINE_COVERED,COMPLEXITY_MISSED,COMPLEXITY_COVERED,METHOD_MISSED,METHOD_COVERED
recipe-service,com.identitye2e.recipeservice,RecipeResult,9,23,0,0,3,8,3,5,3,5
recipe-service,com.identitye2e.recipeservice,RecipeServiceApplication,8,0,0,0,3,0,2,0,2,0
recipe-service,com.identitye2e.recipeservice,RecipeWebController,113,0,2,0,33,0,6,0,5,0
recipe-service,com.identitye2e.recipeservice,AutoCompleteResponse,3,37,0,2,1,9,1,4,1,3
